Arguments: 
  /Users/mike/.nvm/versions/node/v12.22.7/bin/node /opt/homebrew/Cellar/yarn/1.22.17_1/libexec/bin/yarn.js add webpack

PATH: 
  /Users/mike/google-cloud-sdk/bin:/Users/mike/.nvm/versions/node/v12.22.7/bin:/opt/homebrew/opt/mysql-client/bin:/opt/homebrew/opt/php@7.4/sbin:/opt/homebrew/opt/php@7.4/bin:/Users/mike/.local/bin:/opt/homebrew/bin:/opt/homebrew/sbin:/usr/local/bin:/usr/bin:/bin:/usr/sbin:/sbin:/usr/local/mysql/bin:/Users/mike/google-cloud-sdk/bin:/Users/mike/.nvm/versions/node/v12.22.7/bin:/opt/homebrew/opt/mysql-client/bin:/opt/homebrew/opt/php@7.4/sbin:/opt/homebrew/opt/php@7.4/bin:/Users/mike/.local/bin:/opt/homebrew/bin:/opt/homebrew/sbin

Yarn version: 
  1.22.17

Node version: 
  12.22.7

Platform: 
  darwin x64

Trace: 
  SyntaxError: /Users/mike/Sites/multilingual-menu-duplication/package.json: Unexpected end of JSON input
      at JSON.parse (<anonymous>)
      at /opt/homebrew/Cellar/yarn/1.22.17_1/libexec/lib/cli.js:1625:59
      at Generator.next (<anonymous>)
      at step (/opt/homebrew/Cellar/yarn/1.22.17_1/libexec/lib/cli.js:310:30)
      at /opt/homebrew/Cellar/yarn/1.22.17_1/libexec/lib/cli.js:321:13

npm manifest: 
  

yarn manifest: 
  No manifest

Lockfile: 
  No lockfile
